<?xml version="1.0" encoding="UTF-8"?>
<!-- Generated by org.testng.reporters.JUnitReportReporter -->
<testsuite hostname="LetsGoMo" name="com.test.android.Base" tests="1" failures="0" timestamp="24 Apr 2015 07:51:39 GMT" time="25.470" errors="0">
  <testcase name="rough" time="25.470" classname="com.test.android.Base"/>
</testsuite> <!-- com.test.android.Base -->
