<?xml version="1.0" encoding="UTF-8"?>
<!-- Generated by org.testng.reporters.JUnitReportReporter -->
<testsuite hostname="LetsGoMo" name="com.test.android.testCases.Reset_AdvID" tests="15" failures="0" timestamp="17 Apr 2015 11:31:02 GMT" time="387.728" errors="0">
  <testcase name="TC_15" time="20.003" classname="com.test.android.testCases.Reset_AdvID"/>
  <testcase name="TC_12" time="32.132" classname="com.test.android.testCases.Reset_AdvID"/>
  <testcase name="TC_10" time="21.457" classname="com.test.android.testCases.Reset_AdvID"/>
  <testcase name="TC_04" time="31.864" classname="com.test.android.testCases.Reset_AdvID"/>
  <testcase name="TC_08" time="8.965" classname="com.test.android.testCases.Reset_AdvID"/>
  <testcase name="TC_02" time="16.805" classname="com.test.android.testCases.Reset_AdvID"/>
  <testcase name="TC_14" time="43.652" classname="com.test.android.testCases.Reset_AdvID"/>
  <testcase name="TC_06" time="25.040" classname="com.test.android.testCases.Reset_AdvID"/>
  <testcase name="TC_01" time="22.514" classname="com.test.android.testCases.Reset_AdvID"/>
  <testcase name="TC_09" time="21.679" classname="com.test.android.testCases.Reset_AdvID"/>
  <testcase name="TC_07" time="15.003" classname="com.test.android.testCases.Reset_AdvID"/>
  <testcase name="TC_13" time="51.760" classname="com.test.android.testCases.Reset_AdvID"/>
  <testcase name="TC_03" time="51.847" classname="com.test.android.testCases.Reset_AdvID"/>
  <testcase name="TC_05" time="10.004" classname="com.test.android.testCases.Reset_AdvID"/>
  <testcase name="TC_11" time="15.003" classname="com.test.android.testCases.Reset_AdvID"/>
</testsuite> <!-- com.test.android.testCases.Reset_AdvID -->
