<?xml version="1.0" encoding="UTF-8"?>
<!-- Generated by org.testng.reporters.JUnitReportReporter -->
<testsuite hostname="LetsGoMo" name="com.test.android.testCases.RunAppMultiple" tests="13" failures="0" timestamp="3 Feb 2015 10:49:32 GMT" time="1921.575" errors="0">
  <testcase name="idle_in_foreground2" time="30.003" classname="com.test.android.testCases.RunAppMultiple"/>
  <testcase name="event_logging1" time="214.746" classname="com.test.android.testCases.RunAppMultiple"/>
  <testcase name="idle_in_foreground3" time="60.019" classname="com.test.android.testCases.RunAppMultiple"/>
  <testcase name="idle_onForeground" time="180.013" classname="com.test.android.testCases.RunAppMultiple"/>
  <testcase name="app_in_background1" time="61.992" classname="com.test.android.testCases.RunAppMultiple"/>
  <testcase name="app_in_background5" time="183.589" classname="com.test.android.testCases.RunAppMultiple"/>
  <testcase name="app_in_background2" time="183.271" classname="com.test.android.testCases.RunAppMultiple"/>
  <testcase name="event_logging2" time="213.263" classname="com.test.android.testCases.RunAppMultiple"/>
  <testcase name="app_in_background3" time="184.125" classname="com.test.android.testCases.RunAppMultiple"/>
  <testcase name="idle_in_foreground4" time="60.017" classname="com.test.android.testCases.RunAppMultiple"/>
  <testcase name="event_logging4" time="458.526" classname="com.test.android.testCases.RunAppMultiple"/>
  <testcase name="idle_in_foreground" time="30.036" classname="com.test.android.testCases.RunAppMultiple"/>
  <testcase name="app_in_background4" time="61.975" classname="com.test.android.testCases.RunAppMultiple"/>
</testsuite> <!-- com.test.android.testCases.RunAppMultiple -->
